#
# A fatal error has been detected by the Java Runtime Environment:
#
#  EXCEPTION_ACCESS_VIOLATION (0xc0000005) at pc=0x00007fff844f3f46, pid=14472, tid=15176
#
# JRE version: OpenJDK Runtime Environment (18.0.1.1+2) (build 18.0.1.1+2-6)
# Java VM: OpenJDK 64-Bit Server VM (18.0.1.1+2-6, mixed mode, emulated-client, sharing, tiered, compressed oops, compressed class ptrs, g1 gc, windows-amd64)
# Problematic frame:
# V  [jvm.dll+0x323f46]
#
# No core dump will be written. Minidumps are not enabled by default on client versions of Windows
#
# If you would like to submit a bug report, please visit:
#   https://bugreport.java.com/bugreport/crash.jsp
#

---------------  S U M M A R Y ------------

Command Line: -XX:+ShowCodeDetailsInExceptionMessages -agentlib:jdwp=transport=dt_socket,suspend=y,address=localhost:51398 -Dcom.sun.management.jmxremote -Dcom.sun.management.jmxremote.port=51397 -Dcom.sun.management.jmxremote.authenticate=false -Dcom.sun.management.jmxremote.ssl=false -Djava.rmi.server.hostname=localhost -Dspring.jmx.enabled=true -Dspring.application.admin.enabled=true -XX:TieredStopAtLevel=1 -Dspring.boot.project.name=constructores-sas -javaagent:C:\Users\Admin\Documents\spring-tool-suite-4-4.15.1.RELEASE-e4.24.0-win32.win32.x86_64.self-extracting\sts-4.15.1.RELEASE\configuration\org.eclipse.osgi\258\0\.cp\lib\javaagent-shaded.jar -Dfile.encoding=UTF-8 com.co.ias.constructores.app.ConstructoresSasApplication --spring.output.ansi.enabled=always

Host: 11th Gen Intel(R) Core(TM) i7-1165G7 @ 2.80GHz, 8 cores, 31G,  Windows 10 , 64 bit Build 19041 (10.0.19041.1741)
Time: Wed Jul 13 12:10:25 2022 Hora est. Pacífico, Sudamérica elapsed time: 11509.059303 seconds (0d 3h 11m 49s)

---------------  T H R E A D  ---------------

Current thread (0x00000272c6aa69b0):  WorkerThread "GC Thread#3" [stack: 0x000000f86ca00000,0x000000f86cb00000] [id=15176]

Stack: [0x000000f86ca00000,0x000000f86cb00000],  sp=0x000000f86cafe4c0,  free space=1017k
Native frames: (J=compiled Java code, j=interpreted, Vv=VM code, C=native code)
V  [jvm.dll+0x323f46]
V  [jvm.dll+0x335a1d]
V  [jvm.dll+0x2e602b]
V  [jvm.dll+0x2e5ac4]
V  [jvm.dll+0x2e5a55]
V  [jvm.dll+0x7a40e6]
V  [jvm.dll+0x7a3f79]
V  [jvm.dll+0x7a4550]
V  [jvm.dll+0x33624c]
V  [jvm.dll+0x3360e5]
V  [jvm.dll+0x33e704]
V  [jvm.dll+0x33e87b]
V  [jvm.dll+0x81fae4]
V  [jvm.dll+0x7a03ea]
V  [jvm.dll+0x697725]
C  [ucrtbase.dll+0x21bb2]
C  [KERNEL32.DLL+0x17034]
C  [ntdll.dll+0x52651]

JavaThread 0x00000272c7d46660 (nid = 18588) was being processed
Java frames: (J=compiled Java code, j=interpreted, Vv=VM code)
j  java.lang.invoke.DirectMethodHandle$Holder.newInvokeSpecial(Ljava/lang/Object;)Ljava/lang/Object;+15 java.base@18.0.1.1
J 1550 c1 jdk.internal.reflect.DirectConstructorHandleAccessor.newInstance([Ljava/lang/Object;)Ljava/lang/Object; java.base@18.0.1.1 (148 bytes) @ 0x00000272a9805bec [0x00000272a98057a0+0x000000000000044c]
J 1528 c1 java.lang.reflect.Constructor.newInstanceWithCaller([Ljava/lang/Object;ZLjava/lang/Class;)Ljava/lang/Object; java.base@18.0.1.1 (51 bytes) @ 0x00000272a97f83fc [0x00000272a97f8340+0x00000000000000bc]
J 3131 c1 org.springframework.beans.BeanUtils.instantiateClass(Ljava/lang/reflect/Constructor;[Ljava/lang/Object;)Ljava/lang/Object; (187 bytes) @ 0x00000272a9adf1dc [0x00000272a9adedc0+0x000000000000041c]
J 7318 c1 org.springframework.beans.factory.support.SimpleInstantiationStrategy.instantiate(Lorg/springframework/beans/factory/support/RootBeanDefinition;Ljava/lang/String;Lorg/springframework/beans/factory/BeanFactory;)Ljava/lang/Object; (152 bytes) @ 0x00000272aa1cae7c [0x00000272aa1caa00+0x000000000000047c]
J 7317 c1 org.springframework.beans.factory.support.AbstractAutowireCapableBeanFactory.instantiateBean(Ljava/lang/String;Lorg/springframework/beans/factory/support/RootBeanDefinition;)Lorg/springframework/beans/BeanWrapper; (75 bytes) @ 0x00000272aa1c9ac4 [0x00000272aa1c9a20+0x00000000000000a4]
J 5307 c1 org.springframework.beans.factory.support.AbstractAutowireCapableBeanFactory.createBeanInstance(Ljava/lang/String;Lorg/springframework/beans/factory/support/RootBeanDefinition;[Ljava/lang/Object;)Lorg/springframework/beans/BeanWrapper; (254 bytes) @ 0x00000272a9e8b6c4 [0x00000272a9e8af20+0x00000000000007a4]
J 5306 c1 org.springframework.beans.factory.support.AbstractAutowireCapableBeanFactory.doCreateBean(Ljava/lang/String;Lorg/springframework/beans/factory/support/RootBeanDefinition;[Ljava/lang/Object;)Ljava/lang/Object; (507 bytes) @ 0x00000272a9e8e094 [0x00000272a9e8df00+0x0000000000000194]
J 5305 c1 org.springframework.beans.factory.support.AbstractAutowireCapableBeanFactory.createBean(Ljava/lang/String;Lorg/springframework/beans/factory/support/RootBeanDefinition;[Ljava/lang/Object;)Ljava/lang/Object; (247 bytes) @ 0x00000272a9e85cbc [0x00000272a9e85620+0x000000000000069c]
J 5340 c1 org.springframework.beans.factory.support.AbstractBeanFactory$$Lambda$325+0x0000000800e297a8.getObject()Ljava/lang/Object; (20 bytes) @ 0x00000272a9e9e92c [0x00000272a9e9e8a0+0x000000000000008c]
J 5339 c1 org.springframework.beans.factory.support.DefaultSingletonBeanRegistry.getSingleton(Ljava/lang/String;Lorg/springframework/beans/factory/ObjectFactory;)Ljava/lang/Object; (297 bytes) @ 0x00000272a9e9f8a4 [0x00000272a9e9f3e0+0x00000000000004c4]
J 3265 c1 org.springframework.beans.factory.support.AbstractBeanFactory.doGetBean(Ljava/lang/String;Ljava/lang/Class;[Ljava/lang/Object;Z)Ljava/lang/Object; (832 bytes) @ 0x00000272a9b2353c [0x00000272a9b22f20+0x000000000000061c]
J 4128 c1 org.springframework.beans.factory.support.AbstractBeanFactory.getBean(Ljava/lang/String;)Ljava/lang/Object; (9 bytes) @ 0x00000272a9c98b84 [0x00000272a9c98b20+0x0000000000000064]
j  org.springframework.beans.factory.support.DefaultListableBeanFactory.preInstantiateSingletons()V+248
j  org.springframework.context.support.AbstractApplicationContext.finishBeanFactoryInitialization(Lorg/springframework/beans/factory/config/ConfigurableListableBeanFactory;)V+124
j  org.springframework.context.support.AbstractApplicationContext.refresh()V+86
j  org.springframework.boot.web.reactive.context.ReactiveWebServerApplicationContext.refresh()V+1
j  org.springframework.boot.SpringApplication.refresh(Lorg/springframework/context/ConfigurableApplicationContext;)V+1
j  org.springframework.boot.SpringApplication.refreshContext(Lorg/springframework/context/ConfigurableApplicationContext;)V+16
j  org.springframework.boot.SpringApplication.run([Ljava/lang/String;)Lorg/springframework/context/ConfigurableApplicationContext;+107
j  org.springframework.boot.SpringApplication.run([Ljava/lang/Class;[Ljava/lang/String;)Lorg/springframework/context/ConfigurableApplicationContext;+9
j  org.springframework.boot.SpringApplication.run(Ljava/lang/Class;[Ljava/lang/String;)Lorg/springframework/context/ConfigurableApplicationContext;+9
j  com.co.ias.constructores.app.ConstructoresSasApplication.main([Ljava/lang/String;)V+3
j  java.lang.invoke.LambdaForm$DMH+0x0000000800c06000.invokeStatic(Ljava/lang/Object;Ljava/lang/Object;)V+10 java.base@18.0.1.1
j  java.lang.invoke.LambdaForm$MH+0x0000000801297c00.invoke(Ljava/lang/Object;Ljava/lang/Object;Ljava/lang/Object;)Ljava/lang/Object;+33 java.base@18.0.1.1
J 2662 c1 java.lang.reflect.Method.invoke(Ljava/lang/Object;[Ljava/lang/Object;)Ljava/lang/Object; java.base@18.0.1.1 (108 bytes) @ 0x00000272a9a032b4 [0x00000272a9a028a0+0x0000000000000a14]
j  org.springframework.boot.devtools.restart.RestartLauncher.run()V+42
v  ~StubRoutines::call_stub

siginfo: EXCEPTION_ACCESS_VIOLATION (0xc0000005), reading address 0xffffffffffffffff


Register to memory mapping:

RIP=0x00007fff844f3f46 jvm.dll
RAX=0x6c00070800070300 is an unknown value
RBX=0x0 is NULL
RCX=0x0 is NULL
RDX=0x000000000003e1aa is an unknown value
RSP=0x000000f86cafe4c0 points into unknown readable memory: 0x0000000000000061 | 61 00 00 00 00 00 00 00
RBP=0x0000000000000008 is an unknown value
RSI=0x000000f86abfd640 is pointing into the stack for thread: 0x00000272c7d46660
RDI=0x000000f86abfd640 is pointing into the stack for thread: 0x00000272c7d46660
R8 =0x000000f86abfd640 is pointing into the stack for thread: 0x00000272c7d46660
R9 =0x000000000dbbf000 is an unknown value
R10=0x0 is NULL
R11=0x000000f86cafe708 points into unknown readable memory: 0x00007fff844b5ac4 | c4 5a 4b 84 ff 7f 00 00
R12=0x000000000dbbf000 is an unknown value
R13=0x00000008006ddf6f is pointing into metadata
R14=0x000000f86abfd640 is pointing into the stack for thread: 0x00000272c7d46660
R15=0x00000272c8791230 points into unknown readable memory: 0x00007fff84af3e00 | 00 3e af 84 ff 7f 00 00


Registers:
RAX=0x6c00070800070300, RBX=0x0000000000000000, RCX=0x0000000000000000, RDX=0x000000000003e1aa
RSP=0x000000f86cafe4c0, RBP=0x0000000000000008, RSI=0x000000f86abfd640, RDI=0x000000f86abfd640
R8 =0x000000f86abfd640, R9 =0x000000000dbbf000, R10=0x0000000000000000, R11=0x000000f86cafe708
R12=0x000000000dbbf000, R13=0x00000008006ddf6f, R14=0x000000f86abfd640, R15=0x00000272c8791230
RIP=0x00007fff844f3f46, EFLAGS=0x0000000000010207

Top of Stack: (sp=0x000000f86cafe4c0)
0x000000f86cafe4c0:   0000000000000061 00000272c7b7e080
0x000000f86cafe4d0:   000000000000015f 00007fff848579b8
0x000000f86cafe4e0:   000000000000015f 00007fff844c6721
0x000000f86cafe4f0:   6c00070800070300 00007fff848e1120
0x000000f86cafe500:   000000f86abfd640 0000000000000005
0x000000f86cafe510:   00000272c7490bb8 0000000000000003
0x000000f86cafe520:   0000000000000003 00000272c6a8ff80
0x000000f86cafe530:   0000000000000000 000000f86abfd640
0x000000f86cafe540:   000000f86abfd640 000000f86cafe690
0x000000f86cafe550:   00000272c7490bb8 00007fff84505a1d
0x000000f86cafe560:   000000f86caf0000 000000f86caf0061
0x000000f86cafe570:   0000000800440068 000000f86abfd640
0x000000f86cafe580:   00000272c7490bb8 00007fff844b602b
0x000000f86cafe590:   0000000000000001 000000f86cafe850
0x000000f86cafe5a0:   00000272c7490bb8 000000f86cafe850
0x000000f86cafe5b0:   0000000000000001 00000008000c8488 

Instructions: (pc=0x00007fff844f3f46)
0x00007fff844f3e46:   c3 48 8b 5c 24 40 48 8b 6c 24 48 48 8b 74 24 50
0x00007fff844f3e56:   48 83 c4 20 41 5f 41 5e 5f c3 40 53 55 56 57 41
0x00007fff844f3e66:   54 41 55 41 56 41 57 48 83 ec 58 80 3d 71 ec 80
0x00007fff844f3e76:   00 00 49 8b f9 4d 8b f0 0f b7 da 4c 8b f9 74 16
0x00007fff844f3e86:   45 8b 68 08 8b 0d 20 ab 79 00 49 d3 e5 4c 03 2d
0x00007fff844f3e96:   0e ab 79 00 eb 04 4d 8b 68 08 49 8b d5 49 8b ce
0x00007fff844f3ea6:   e8 95 0e ea ff 4c 8b e0 48 89 bc 24 b8 00 00 00
0x00007fff844f3eb6:   33 c0 8b e8 0f b7 c3 66 c1 e8 08 66 89 84 24 a0
0x00007fff844f3ec6:   00 00 00 84 c0 75 3f 40 0f b6 cf f6 d1 f6 c1 01
0x00007fff844f3ed6:   75 05 48 8b ef eb 15 48 8d 54 24 40 48 8d 8c 24
0x00007fff844f3ee6:   b8 00 00 00 e8 b1 03 30 00 48 8b 28 48 c1 ed 03
0x00007fff844f3ef6:   83 e5 0f 41 3b af 78 01 00 00 73 0a 66 89 9c 24
0x00007fff844f3f06:   a8 00 00 00 eb 12 66 c7 84 24 a8 00 00 00 00 01
0x00007fff844f3f16:   0f b7 9c 24 a8 00 00 00 49 8b 47 08 49 8b d6 66
0x00007fff844f3f26:   c1 eb 08 8b 88 48 02 00 00 48 8b 80 38 02 00 00
0x00007fff844f3f36:   48 d3 ea 48 0f be cb 48 8b 04 d0 48 89 44 24 30
0x00007fff844f3f46:   44 8b 80 b0 00 00 00 49 8b 47 70 44 89 84 24 b0
0x00007fff844f3f56:   00 00 00 48 8b 54 c8 10 84 db 75 04 4a 8d 14 c2
0x00007fff844f3f66:   48 8b 0a 48 8b 71 38 48 8b 41 40 48 2b c6 48 c1
0x00007fff844f3f76:   e8 03 49 3b c4 72 0d 4a 8d 04 e6 48 89 41 38 48
0x00007fff844f3f86:   85 f6 75 3d 44 89 44 24 28 48 8d 94 24 a8 00 00
0x00007fff844f3f96:   00 4d 8b c6 89 6c 24 20 4d 8b cc 49 8b cf e8 87
0x00007fff844f3fa6:   fa ff ff 48 8b f0 48 85 c0 75 16 4d 8b cc 4c 8b
0x00007fff844f3fb6:   c7 49 8b d6 49 8b cf e8 3e 07 00 00 e9 69 03 00
0x00007fff844f3fc6:   00 48 8d 0d 32 c0 cd ff 49 83 fc 08 77 4d 42 8b
0x00007fff844f3fd6:   84 a1 44 43 32 00 48 03 c1 ff e0 49 8b 46 38 48
0x00007fff844f3fe6:   89 46 38 49 8b 46 30 48 89 46 30 49 8b 46 28 48
0x00007fff844f3ff6:   89 46 28 49 8b 46 20 48 89 46 20 49 8b 46 18 48
0x00007fff844f4006:   89 46 18 49 8b 46 10 48 89 46 10 49 8b 46 08 48
0x00007fff844f4016:   89 46 08 49 8b 06 48 89 06 eb 13 4e 8d 04 e5 00
0x00007fff844f4026:   00 00 00 49 8b d6 48 8b ce e8 3c b1 52 00 48 8b
0x00007fff844f4036:   ce 48 8b c7 48 83 c9 03 f0 49 0f b1 0e 48 8b d8 


Stack slot to memory mapping:
stack at sp + 0 slots: 0x0000000000000061 is an unknown value
stack at sp + 1 slots: 0x00000272c7b7e080 points into unknown readable memory: 0x00000272a19a4fe0 | e0 4f 9a a1 72 02 00 00
stack at sp + 2 slots: 0x000000000000015f is an unknown value
stack at sp + 3 slots: 0x00007fff848579b8 jvm.dll
stack at sp + 4 slots: 0x000000000000015f is an unknown value
stack at sp + 5 slots: 0x00007fff844c6721 jvm.dll
stack at sp + 6 slots: 0x6c00070800070300 is an unknown value
stack at sp + 7 slots: 0x00007fff848e1120 jvm.dll


---------------  P R O C E S S  ---------------

Threads class SMR info:
_java_thread_list=0x00000272c8775520, length=30, elements={
0x00000272bf3a6330, 0x00000272bf3a6be0, 0x00000272bf3bc330, 0x00000272bf3bebf0,
0x00000272bf3bf4a0, 0x00000272bf3c9eb0, 0x00000272bf3cdee0, 0x00000272bf3d0960,
0x00000272bf3901c0, 0x00000272c613f220, 0x00000272c61400b0, 0x00000272c6140590,
0x00000272c69218f0, 0x00000272c6a48c40, 0x00000272c6a5bfc0, 0x00000272c6a6af50,
0x00000272c6e8aa70, 0x00000272c6eb1fc0, 0x00000272c6f21480, 0x00000272c7d457f0,
0x00000272c7d46190, 0x00000272c83c93c0, 0x00000272c83cdbf0, 0x00000272c7d46660,
0x00000272c7d43fe0, 0x00000272c7d46b30, 0x00000272c7d444b0, 0x00000272c7d45cc0,
0x00000272c7d44980, 0x00000272c7d47000
}

Java Threads: ( => current thread )
  0x00000272bf3a6330 JavaThread "Reference Handler" daemon [_thread_blocked, id=14376, stack(0x000000f86b400000,0x000000f86b500000)]
  0x00000272bf3a6be0 JavaThread "Finalizer" daemon [_thread_blocked, id=1488, stack(0x000000f86b500000,0x000000f86b600000)]
  0x00000272bf3bc330 JavaThread "Signal Dispatcher" daemon [_thread_blocked, id=18240, stack(0x000000f86b600000,0x000000f86b700000)]
  0x00000272bf3bebf0 JavaThread "Attach Listener" daemon [_thread_blocked, id=9776, stack(0x000000f86b700000,0x000000f86b800000)]
  0x00000272bf3bf4a0 JavaThread "Service Thread" daemon [_thread_blocked, id=14416, stack(0x000000f86b800000,0x000000f86b900000)]
  0x00000272bf3c9eb0 JavaThread "Monitor Deflation Thread" daemon [_thread_blocked, id=10920, stack(0x000000f86b900000,0x000000f86ba00000)]
  0x00000272bf3cdee0 JavaThread "C1 CompilerThread0" daemon [_thread_blocked, id=10592, stack(0x000000f86ba00000,0x000000f86bb00000)]
  0x00000272bf3d0960 JavaThread "Sweeper thread" daemon [_thread_blocked, id=6920, stack(0x000000f86bb00000,0x000000f86bc00000)]
  0x00000272bf3901c0 JavaThread "Common-Cleaner" daemon [_thread_blocked, id=15244, stack(0x000000f86bc00000,0x000000f86bd00000)]
  0x00000272c613f220 JavaThread "JDWP Transport Listener: dt_socket" daemon [_thread_blocked, id=18020, stack(0x000000f86c000000,0x000000f86c100000)]
  0x00000272c61400b0 JavaThread "JDWP Event Helper Thread" daemon [_thread_blocked, id=4604, stack(0x000000f86c100000,0x000000f86c200000)]
  0x00000272c6140590 JavaThread "JDWP Command Reader" daemon [_thread_in_native, id=19004, stack(0x000000f86c200000,0x000000f86c300000)]
  0x00000272c69218f0 JavaThread "Notification Thread" daemon [_thread_blocked, id=3524, stack(0x000000f86c300000,0x000000f86c400000)]
  0x00000272c6a48c40 JavaThread "RMI TCP Accept-0" daemon [_thread_in_native, id=1860, stack(0x000000f86c400000,0x000000f86c500000)]
  0x00000272c6a5bfc0 JavaThread "RMI TCP Accept-51397" daemon [_thread_in_native, id=16352, stack(0x000000f86c500000,0x000000f86c600000)]
  0x00000272c6a6af50 JavaThread "RMI TCP Accept-0" daemon [_thread_in_native, id=7068, stack(0x000000f86c600000,0x000000f86c700000)]
  0x00000272c6e8aa70 JavaThread "RMI Scheduler(0)" daemon [_thread_blocked, id=6456, stack(0x000000f86d300000,0x000000f86d400000)]
  0x00000272c6eb1fc0 JavaThread "JMX server connection timeout 25" daemon [_thread_blocked, id=5596, stack(0x000000f86d500000,0x000000f86d600000)]
  0x00000272c6f21480 JavaThread "boundedElastic-evictor-1" daemon [_thread_blocked, id=5860, stack(0x000000f86d800000,0x000000f86d900000)]
  0x00000272c7d457f0 JavaThread "Live Reload Server" daemon [_thread_in_native, id=18264, stack(0x000000f86e200000,0x000000f86e300000)]
  0x00000272c7d46190 JavaThread "DestroyJavaVM" [_thread_blocked, id=16220, stack(0x000000f86ad00000,0x000000f86ae00000)]
  0x00000272c83c93c0 JavaThread "RMI TCP Connection(idle)" daemon [_thread_blocked, id=10072, stack(0x000000f86e100000,0x000000f86e200000)]
  0x00000272c83cdbf0 JavaThread "Thread-92" [_thread_blocked, id=8220, stack(0x000000f86e800000,0x000000f86e900000)]
  0x00000272c7d46660 JavaThread "restartedMain" [_thread_blocked, id=18588, stack(0x000000f86ab00000,0x000000f86ac00000)]
  0x00000272c7d43fe0 JavaThread "AsyncGetter-20-thread-1" daemon [_thread_blocked, id=16172, stack(0x000000f86aa00000,0x000000f86ab00000)]
  0x00000272c7d46b30 JavaThread "cluster-ClusterId{value='62cefbd7d8a424165e59e3aa', description='null'}-localhost:27017" daemon [_thread_blocked, id=9184, stack(0x000000f86ac00000,0x000000f86ad00000)]
  0x00000272c7d444b0 JavaThread "cluster-rtt-ClusterId{value='62cefbd7d8a424165e59e3aa', description='null'}-localhost:27017" daemon [_thread_blocked, id=7156, stack(0x000000f86bd00000,0x000000f86be00000)]
  0x00000272c7d45cc0 JavaThread "nioEventLoopGroup-21-1" [_thread_in_native, id=9376, stack(0x000000f86be00000,0x000000f86bf00000)]
  0x00000272c7d44980 JavaThread "nioEventLoopGroup-21-2" [_thread_in_native, id=17748, stack(0x000000f86bf00000,0x000000f86c000000)]
  0x00000272c7d47000 JavaThread "MaintenanceTimer-19-thread-1" daemon [_thread_blocked, id=1980, stack(0x000000f86d200000,0x000000f86d300000)]

Other Threads:
  0x00000272bf2124c0 VMThread "VM Thread" [stack: 0x000000f86b300000,0x000000f86b400000] [id=11504]
  0x00000272c6a64b20 WatcherThread "VM Periodic Task Thread" [stack: 0x000000f86c700000,0x000000f86c800000] [id=9872]
  0x00000272a1a416a0 WorkerThread "GC Thread#0" [stack: 0x000000f86ae00000,0x000000f86af00000] [id=7308]
  0x00000272c6b518e0 WorkerThread "GC Thread#1" [stack: 0x000000f86c800000,0x000000f86c900000] [id=8244]
  0x00000272c6b51b80 WorkerThread "GC Thread#2" [stack: 0x000000f86c900000,0x000000f86ca00000] [id=6432]
=>0x00000272c6aa69b0 WorkerThread "GC Thread#3" [stack: 0x000000f86ca00000,0x000000f86cb00000] [id=15176]
  0x00000272c6aa6c50 WorkerThread "GC Thread#4" [stack: 0x000000f86cb00000,0x000000f86cc00000] [id=8096]
  0x00000272c6aa6ef0 WorkerThread "GC Thread#5" [stack: 0x000000f86cc00000,0x000000f86cd00000] [id=11232]
  0x00000272c6aa7190 WorkerThread "GC Thread#6" [stack: 0x000000f86cd00000,0x000000f86ce00000] [id=4532]
  0x00000272c6aa7430 WorkerThread "GC Thread#7" [stack: 0x000000f86ce00000,0x000000f86cf00000] [id=11660]
  0x00000272a1a4e350 ConcurrentGCThread "G1 Main Marker" [stack: 0x000000f86af00000,0x000000f86b000000] [id=14096]
  0x00000272a1a4ec50 WorkerThread "G1 Conc#0" [stack: 0x000000f86b000000,0x000000f86b100000] [id=17480]
  0x00000272c75249e0 WorkerThread "G1 Conc#1" [stack: 0x000000f86d900000,0x000000f86da00000] [id=11324]
  0x00000272bf25b0c0 ConcurrentGCThread "G1 Refine#0" [stack: 0x000000f86b100000,0x000000f86b200000] [id=13136]
  0x00000272c6175e50 ConcurrentGCThread "G1 Refine#1" [stack: 0x000000f86cf00000,0x000000f86d000000] [id=10216]
  0x00000272c6176930 ConcurrentGCThread "G1 Refine#2" [stack: 0x000000f86d000000,0x000000f86d100000] [id=10484]
  0x00000272c6a9d380 ConcurrentGCThread "G1 Refine#3" [stack: 0x000000f86d100000,0x000000f86d200000] [id=12012]
  0x00000272bf25b8e0 ConcurrentGCThread "G1 Service" [stack: 0x000000f86b200000,0x000000f86b300000] [id=19300]

Threads with active compile tasks:

VM state: at safepoint (normal execution)

VM Mutex/Monitor currently owned by a thread:  ([mutex/lock_event])
[0x00000272a19902f0] Threads_lock - owner thread: 0x00000272bf2124c0
[0x00000272a198f210] Heap_lock - owner thread: 0x00000272c7d46b30

OutOfMemory and StackOverflow Exception counts:
StackOverflowErrors=4
LinkageErrors=161

Heap address: 0x0000000604000000, size: 8128 MB, Compressed Oops mode: Zero based, Oop shift amount: 3

CDS archive(s) mapped at: [0x0000000800000000-0x0000000800b90000-0x0000000800b90000), size 12124160, SharedBaseAddress: 0x0000000800000000, ArchiveRelocationMode: 0.
Compressed class space mapped at: 0x0000000800c00000-0x0000000840c00000, reserved size: 1073741824
Narrow klass base: 0x0000000800000000, Narrow klass shift: 0, Narrow klass range: 0x100000000

GC Precious Log:
 CardTable entry size: 512
 Card Set container configuration: InlinePtr #cards 4 size 8 Array Of Cards #cards 32 size 80 Howl #buckets 8 coarsen threshold 7372 Howl Bitmap #cards 1024 size 144 coarsen threshold 921 Card regions per heap region 1 cards per card region 8192
 CPUs: 8 total, 8 available
 Memory: 32510M
 Large Page Support: Disabled
 NUMA Support: Disabled
 Compressed Oops: Enabled (Zero based)
 Heap Region Size: 4M
 Heap Min Capacity: 8M
 Heap Initial Capacity: 508M
 Heap Max Capacity: 8128M
 Pre-touch: Disabled
 Parallel Workers: 8
 Concurrent Workers: 2
 Concurrent Refinement Workers: 8
 Periodic GC: Disabled

Heap:
 garbage-first heap   total 110592K, used 44121K [0x0000000604000000, 0x0000000800000000)
  region size 4096K, 7 young (28672K), 1 survivors (4096K)
 Metaspace       used 46327K, committed 46912K, reserved 1114112K
  class space    used 6446K, committed 6720K, reserved 1048576K

Heap Regions: E=young(eden), S=young(survivor), O=old, HS=humongous(starts), HC=humongous(continues), CS=collection set, F=free, OA=open archive, CA=closed archive, TAMS=top-at-mark-start (previous, next)
|   0|0x0000000604000000, 0x00000006043fba48, 0x0000000604400000| 99%| O|  |TAMS 0x00000006043fba48, 0x00000006043fba48| Untracked 
|   1|0x0000000604400000, 0x00000006047fffc8, 0x0000000604800000| 99%| O|  |TAMS 0x00000006047fffc8, 0x00000006047fffc8| Untracked 
|   2|0x0000000604800000, 0x0000000604bfffc0, 0x0000000604c00000| 99%| O|  |TAMS 0x0000000604bfffc0, 0x0000000604bfffc0| Untracked 
|   3|0x0000000604c00000, 0x0000000604f1cbf8, 0x0000000605000000| 77%| O|  |TAMS 0x0000000604c00000, 0x0000000604f1cbf8| Untracked 
|   4|0x0000000605000000, 0x000000060505f998, 0x0000000605400000|  9%| O|  |TAMS 0x0000000605000000, 0x000000060505f998| Untracked 
|   5|0x0000000605400000, 0x0000000605598de0, 0x0000000605800000| 39%| O|  |TAMS 0x0000000605400000, 0x0000000605598de0| Untracked 
|   6|0x0000000605800000, 0x0000000605800000, 0x0000000605c00000|  0%| F|  |TAMS 0x0000000605800000, 0x0000000605800000| Untracked 
|   7|0x0000000605c00000, 0x0000000605df5560, 0x0000000606000000| 48%| O|  |TAMS 0x0000000605c00000, 0x0000000605df5560| Untracked 
|   8|0x0000000606000000, 0x0000000606000000, 0x0000000606400000|  0%| F|  |TAMS 0x0000000606000000, 0x0000000606000000| Untracked 
|   9|0x0000000606400000, 0x0000000606410328, 0x0000000606800000|  1%| O|  |TAMS 0x0000000606400000, 0x0000000606410328| Untracked 
|  10|0x0000000606800000, 0x0000000606800000, 0x0000000606c00000|  0%| F|  |TAMS 0x0000000606800000, 0x0000000606800000| Untracked 
|  11|0x0000000606c00000, 0x0000000606c00000, 0x0000000607000000|  0%| F|  |TAMS 0x0000000606c00000, 0x0000000606c00000| Untracked 
|  12|0x0000000607000000, 0x0000000607000000, 0x0000000607400000|  0%| F|  |TAMS 0x0000000607000000, 0x0000000607000000| Untracked 
|  13|0x0000000607400000, 0x0000000607400000, 0x0000000607800000|  0%| F|  |TAMS 0x0000000607400000, 0x0000000607400000| Untracked 
|  14|0x0000000607800000, 0x0000000607800000, 0x0000000607c00000|  0%| F|  |TAMS 0x0000000607800000, 0x0000000607800000| Untracked 
|  15|0x0000000607c00000, 0x0000000607c00000, 0x0000000608000000|  0%| F|  |TAMS 0x0000000607c00000, 0x0000000607c00000| Untracked 
|  16|0x0000000608000000, 0x0000000608000000, 0x0000000608400000|  0%| F|  |TAMS 0x0000000608000000, 0x0000000608000000| Untracked 
|  17|0x0000000608400000, 0x0000000608400000, 0x0000000608800000|  0%| F|  |TAMS 0x0000000608400000, 0x0000000608400000| Untracked 
|  18|0x0000000608800000, 0x0000000608800000, 0x0000000608c00000|  0%| F|  |TAMS 0x0000000608800000, 0x0000000608800000| Untracked 
|  19|0x0000000608c00000, 0x0000000608c00000, 0x0000000609000000|  0%| F|  |TAMS 0x0000000608c00000, 0x0000000608c00000| Untracked 
|  20|0x0000000609000000, 0x00000006092a15a8, 0x0000000609400000| 65%| S|  |TAMS 0x0000000609000000, 0x0000000609000000| Complete 
|  21|0x0000000609400000, 0x0000000609800000, 0x0000000609800000|100%| E|CS|TAMS 0x0000000609400000, 0x0000000609800000| Complete 
|  22|0x0000000609800000, 0x0000000609c00000, 0x0000000609c00000|100%| E|CS|TAMS 0x0000000609800000, 0x0000000609c00000| Complete 
|  23|0x0000000609c00000, 0x000000060a000000, 0x000000060a000000|100%| E|CS|TAMS 0x0000000609c00000, 0x000000060a000000| Complete 
|  24|0x000000060a000000, 0x000000060a400000, 0x000000060a400000|100%| E|CS|TAMS 0x000000060a000000, 0x000000060a400000| Complete 
|  25|0x000000060a400000, 0x000000060a800000, 0x000000060a800000|100%| E|CS|TAMS 0x000000060a400000, 0x000000060a800000| Complete 
|  26|0x000000060a800000, 0x000000060ac00000, 0x000000060ac00000|100%| E|CS|TAMS 0x000000060a800000, 0x000000060ac00000| Complete 

Card table byte_map: [0x00000272ad3b0000,0x00000272ae390000] _byte_map_base: 0x00000272aa390000

Marking Bits (Prev, Next): (CMBitMap*) 0x00000272a1a41bf0, (CMBitMap*) 0x00000272a1a41bb0
 Prev Bits: [0x00000272b7270000, 0x00000272bf170000)
 Next Bits: [0x00000272af370000, 0x00000272b7270000)

Polling page: 0x00000272a1150000

Metaspace:

Usage:
  Non-class:     38.95 MB used.
      Class:      6.30 MB used.
       Both:     45.24 MB used.

Virtual space:
  Non-class space:       64.00 MB reserved,      39.25 MB ( 61%) committed,  1 nodes.
      Class space:        1.00 GB reserved,       6.56 MB ( <1%) committed,  1 nodes.
             Both:        1.06 GB reserved,      45.81 MB (  4%) committed. 

Chunk freelists:
   Non-Class:  436.00 KB
       Class:  1.37 MB
        Both:  1.79 MB

MaxMetaspaceSize: unlimited
CompressedClassSpaceSize: 1.00 GB
Initial GC threshold: 21.00 MB
Current GC threshold: 76.25 MB
CDS: on
MetaspaceReclaimPolicy: balanced
 - commit_granule_bytes: 65536.
 - commit_granule_words: 8192.
 - virtual_space_node_default_size: 8388608.
 - enlarge_chunks_in_place: 1.
 - new_chunks_are_fully_committed: 0.
 - uncommit_free_chunks: 1.
 - use_allocation_guard: 0.


Internal statistics:

num_allocs_failed_limit: 6.
num_arena_births: 1662.
num_arena_deaths: 1052.
num_vsnodes_births: 2.
num_vsnodes_deaths: 0.
num_space_committed: 734.
num_space_uncommitted: 1.
num_chunks_returned_to_freelist: 1579.
num_chunks_taken_from_freelist: 3882.
num_chunk_merges: 343.
num_chunk_splits: 2049.
num_chunks_enlarged: 1391.
num_inconsistent_stats: 0.

CodeCache: size=49152Kb used=16902Kb max_used=17341Kb free=32249Kb
 bounds [0x00000272a92c0000, 0x00000272aa3b0000, 0x00000272ac2c0000]
 total_blobs=9626 nmethods=9012 adapters=538
 compilation: enabled
              stopped_count=0, restarted_count=0
 full_count=0

Compilation events (20 events):
Event: 11339.027 Thread 0x00000272bf3cdee0 9004       1       java.lang.reflect.Type::getTypeName (7 bytes)
Event: 11339.027 Thread 0x00000272bf3cdee0 nmethod 9004 0x00000272aa382b90 code [0x00000272aa382d20, 0x00000272aa382e08]
Event: 11339.035 Thread 0x00000272bf3cdee0 9005       1       org.springframework.data.util.Optionals$$Lambda$718/0x000000080110df80::test (8 bytes)
Event: 11339.035 Thread 0x00000272bf3cdee0 nmethod 9005 0x00000272aa382810 code [0x00000272aa3829a0, 0x00000272aa382ad8]
Event: 11339.035 Thread 0x00000272bf3cdee0 9006       1       org.springframework.data.mapping.context.AbstractMappingContext$PersistentPropertyFilter$PropertyMatch::matches (57 bytes)
Event: 11339.035 Thread 0x00000272bf3cdee0 nmethod 9006 0x00000272aa381e90 code [0x00000272aa3820a0, 0x00000272aa382508]
Event: 11339.036 Thread 0x00000272bf3cdee0 9007       1       org.springframework.data.mapping.Alias::isPresent (13 bytes)
Event: 11339.036 Thread 0x00000272bf3cdee0 nmethod 9007 0x00000272aa381b90 code [0x00000272aa381d20, 0x00000272aa381df8]
Event: 11339.038 Thread 0x00000272bf3cdee0 9008       1       org.springframework.beans.AbstractNestablePropertyAccessor::convertForProperty (15 bytes)
Event: 11339.039 Thread 0x00000272bf3cdee0 nmethod 9008 0x00000272aa381810 code [0x00000272aa3819a0, 0x00000272aa381ac8]
Event: 11339.039 Thread 0x00000272bf3cdee0 9009   !   1       org.springframework.beans.AbstractNestablePropertyAccessor::convertIfNecessary (136 bytes)
Event: 11339.039 Thread 0x00000272bf3cdee0 nmethod 9009 0x00000272aa380290 code [0x00000272aa380560, 0x00000272aa381118]
Event: 11339.040 Thread 0x00000272bf3cdee0 9010       1       org.springframework.data.mongodb.repository.query.MongoQueryMethod::doFindAnnotation (20 bytes)
Event: 11339.040 Thread 0x00000272bf3cdee0 nmethod 9010 0x00000272aa37fd10 code [0x00000272aa37fec0, 0x00000272aa3800b8]
Event: 11339.040 Thread 0x00000272bf3cdee0 9011       1       org.springframework.data.mongodb.repository.query.MongoQueryMethod$$Lambda$876/0x0000000801158e70::<init> (10 bytes)
Event: 11339.040 Thread 0x00000272bf3cdee0 nmethod 9011 0x00000272aa37fa10 code [0x00000272aa37fba0, 0x00000272aa37fcb8]
Event: 11339.043 Thread 0x00000272bf3cdee0 9012       1       org.springframework.beans.GenericTypeAwarePropertyDescriptor::hashCode (36 bytes)
Event: 11339.043 Thread 0x00000272bf3cdee0 nmethod 9012 0x00000272aa37f590 code [0x00000272aa37f740, 0x00000272aa37f8a8]
Event: 11339.046 Thread 0x00000272bf3cdee0 9013       1       jdk.internal.org.objectweb.asm.MethodWriter::addSuccessorToCurrentBasicBlock (24 bytes)
Event: 11339.046 Thread 0x00000272bf3cdee0 nmethod 9013 0x00000272aa37f090 code [0x00000272aa37f220, 0x00000272aa37f498]

GC Heap History (20 events):
Event: 11270.387 GC heap after
{Heap after GC invocations=52 (full 8):
 garbage-first heap   total 69632K, used 22732K [0x0000000604000000, 0x0000000800000000)
  region size 4096K, 1 young (4096K), 1 survivors (4096K)
 Metaspace       used 46163K, committed 46848K, reserved 1114112K
  class space    used 6422K, committed 6720K, reserved 1048576K
}
Event: 11272.815 GC heap before
{Heap before GC invocations=52 (full 8):
 garbage-first heap   total 69632K, used 47308K [0x0000000604000000, 0x0000000800000000)
  region size 4096K, 7 young (28672K), 1 survivors (4096K)
 Metaspace       used 46182K, committed 46848K, reserved 1114112K
  class space    used 6426K, committed 6720K, reserved 1048576K
}
Event: 11272.823 GC heap after
{Heap after GC invocations=53 (full 8):
 garbage-first heap   total 77824K, used 44661K [0x0000000604000000, 0x0000000800000000)
  region size 4096K, 1 young (4096K), 1 survivors (4096K)
 Metaspace       used 46182K, committed 46848K, reserved 1114112K
  class space    used 6426K, committed 6720K, reserved 1048576K
}
Event: 11272.839 GC heap before
{Heap before GC invocations=53 (full 8):
 garbage-first heap   total 77824K, used 48757K [0x0000000604000000, 0x0000000800000000)
  region size 4096K, 2 young (8192K), 1 survivors (4096K)
 Metaspace       used 46182K, committed 46848K, reserved 1114112K
  class space    used 6426K, committed 6720K, reserved 1048576K
}
Event: 11272.843 GC heap after
{Heap after GC invocations=54 (full 8):
 garbage-first heap   total 77824K, used 50022K [0x0000000604000000, 0x0000000800000000)
  region size 4096K, 1 young (4096K), 1 survivors (4096K)
 Metaspace       used 46182K, committed 46848K, reserved 1114112K
  class space    used 6426K, committed 6720K, reserved 1048576K
}
Event: 11272.861 GC heap before
{Heap before GC invocations=54 (full 8):
 garbage-first heap   total 77824K, used 54118K [0x0000000604000000, 0x0000000800000000)
  region size 4096K, 2 young (8192K), 1 survivors (4096K)
 Metaspace       used 46182K, committed 46848K, reserved 1114112K
  class space    used 6426K, committed 6720K, reserved 1048576K
}
Event: 11272.864 GC heap after
{Heap after GC invocations=55 (full 8):
 garbage-first heap   total 77824K, used 55307K [0x0000000604000000, 0x0000000800000000)
  region size 4096K, 1 young (4096K), 1 survivors (4096K)
 Metaspace       used 46182K, committed 46848K, reserved 1114112K
  class space    used 6426K, committed 6720K, reserved 1048576K
}
Event: 11272.887 GC heap before
{Heap before GC invocations=56 (full 8):
 garbage-first heap   total 102400K, used 59403K [0x0000000604000000, 0x0000000800000000)
  region size 4096K, 2 young (8192K), 1 survivors (4096K)
 Metaspace       used 46182K, committed 46848K, reserved 1114112K
  class space    used 6426K, committed 6720K, reserved 1048576K
}
Event: 11272.890 GC heap after
{Heap after GC invocations=57 (full 8):
 garbage-first heap   total 102400K, used 59965K [0x0000000604000000, 0x0000000800000000)
  region size 4096K, 1 young (4096K), 1 survivors (4096K)
 Metaspace       used 46182K, committed 46848K, reserved 1114112K
  class space    used 6426K, committed 6720K, reserved 1048576K
}
Event: 11272.907 GC heap before
{Heap before GC invocations=57 (full 8):
 garbage-first heap   total 102400K, used 64061K [0x0000000604000000, 0x0000000800000000)
  region size 4096K, 2 young (8192K), 1 survivors (4096K)
 Metaspace       used 46182K, committed 46848K, reserved 1114112K
  class space    used 6426K, committed 6720K, reserved 1048576K
}
Event: 11272.911 GC heap after
{Heap after GC invocations=58 (full 8):
 garbage-first heap   total 102400K, used 64520K [0x0000000604000000, 0x0000000800000000)
  region size 4096K, 1 young (4096K), 1 survivors (4096K)
 Metaspace       used 46182K, committed 46848K, reserved 1114112K
  class space    used 6426K, committed 6720K, reserved 1048576K
}
Event: 11272.967 GC heap before
{Heap before GC invocations=59 (full 8):
 garbage-first heap   total 122880K, used 68616K [0x0000000604000000, 0x0000000800000000)
  region size 4096K, 2 young (8192K), 1 survivors (4096K)
 Metaspace       used 46182K, committed 46848K, reserved 1114112K
  class space    used 6426K, committed 6720K, reserved 1048576K
}
Event: 11272.968 GC heap after
{Heap after GC invocations=60 (full 8):
 garbage-first heap   total 323584K, used 61660K [0x0000000604000000, 0x0000000800000000)
  region size 4096K, 1 young (4096K), 1 survivors (4096K)
 Metaspace       used 46182K, committed 46848K, reserved 1114112K
  class space    used 6426K, committed 6720K, reserved 1048576K
}
Event: 11273.003 GC heap before
{Heap before GC invocations=60 (full 8):
 garbage-first heap   total 323584K, used 69852K [0x0000000604000000, 0x0000000800000000)
  region size 4096K, 3 young (12288K), 1 survivors (4096K)
 Metaspace       used 46187K, committed 46848K, reserved 1114112K
  class space    used 6428K, committed 6720K, reserved 1048576K
}
Event: 11273.006 GC heap after
{Heap after GC invocations=61 (full 8):
 garbage-first heap   total 323584K, used 64887K [0x0000000604000000, 0x0000000800000000)
  region size 4096K, 1 young (4096K), 1 survivors (4096K)
 Metaspace       used 46187K, committed 46848K, reserved 1114112K
  class space    used 6428K, committed 6720K, reserved 1048576K
}
Event: 11294.273 GC heap before
{Heap before GC invocations=61 (full 8):
 garbage-first heap   total 323584K, used 138615K [0x0000000604000000, 0x0000000800000000)
  region size 4096K, 20 young (81920K), 1 survivors (4096K)
 Metaspace       used 46187K, committed 46848K, reserved 1114112K
  class space    used 6428K, committed 6720K, reserved 1048576K
}
Event: 11294.275 GC heap after
{Heap after GC invocations=62 (full 8):
 garbage-first heap   total 323584K, used 61625K [0x0000000604000000, 0x0000000800000000)
  region size 4096K, 1 young (4096K), 1 survivors (4096K)
 Metaspace       used 46187K, committed 46848K, reserved 1114112K
  class space    used 6428K, committed 6720K, reserved 1048576K
}
Event: 11338.829 GC heap before
{Heap before GC invocations=62 (full 8):
 garbage-first heap   total 323584K, used 106681K [0x0000000604000000, 0x0000000800000000)
  region size 4096K, 14 young (57344K), 1 survivors (4096K)
 Metaspace       used 46190K, committed 46848K, reserved 1114112K
  class space    used 6429K, committed 6720K, reserved 1048576K
}
Event: 11338.852 GC heap after
{Heap after GC invocations=63 (full 9):
 garbage-first heap   total 110592K, used 19545K [0x0000000604000000, 0x0000000800000000)
  region size 4096K, 0 young (0K), 0 survivors (0K)
 Metaspace       used 46190K, committed 46848K, reserved 1114112K
  class space    used 6429K, committed 6720K, reserved 1048576K
}
Event: 11509.041 GC heap before
{Heap before GC invocations=63 (full 9):
 garbage-first heap   total 110592K, used 44121K [0x0000000604000000, 0x0000000800000000)
  region size 4096K, 6 young (24576K), 0 survivors (0K)
 Metaspace       used 46327K, committed 46912K, reserved 1114112K
  class space    used 6446K, committed 6720K, reserved 1048576K
}

Deoptimization events (20 events):
Event: 11339.040 Thread 0x00000272c7d46660 DEOPT PACKING pc=0x00000272a99d200c sp=0x000000f86abfa280
Event: 11339.040 Thread 0x00000272c7d46660 DEOPT UNPACKING pc=0x00000272a9316763 sp=0x000000f86abf9830 mode 1
Event: 11339.040 Thread 0x00000272c7d46660 DEOPT PACKING pc=0x00000272a99d37b4 sp=0x000000f86abfa030
Event: 11339.040 Thread 0x00000272c7d46660 DEOPT UNPACKING pc=0x00000272a9316763 sp=0x000000f86abf9568 mode 1
Event: 11339.040 Thread 0x00000272c7d46660 DEOPT PACKING pc=0x00000272a99d5734 sp=0x000000f86abfa120
Event: 11339.040 Thread 0x00000272c7d46660 DEOPT UNPACKING pc=0x00000272a9316763 sp=0x000000f86abf96c8 mode 1
Event: 11339.040 Thread 0x00000272c7d46660 DEOPT PACKING pc=0x00000272a99d200c sp=0x000000f86abfa280
Event: 11339.040 Thread 0x00000272c7d46660 DEOPT UNPACKING pc=0x00000272a9316763 sp=0x000000f86abf9830 mode 1
Event: 11339.040 Thread 0x00000272c7d46660 DEOPT PACKING pc=0x00000272a99d37b4 sp=0x000000f86abfa030
Event: 11339.040 Thread 0x00000272c7d46660 DEOPT UNPACKING pc=0x00000272a9316763 sp=0x000000f86abf9568 mode 1
Event: 11339.040 Thread 0x00000272c7d46660 DEOPT PACKING pc=0x00000272a99d5734 sp=0x000000f86abfa120
Event: 11339.040 Thread 0x00000272c7d46660 DEOPT UNPACKING pc=0x00000272a9316763 sp=0x000000f86abf96c8 mode 1
Event: 11339.040 Thread 0x00000272c7d46660 DEOPT PACKING pc=0x00000272a99d200c sp=0x000000f86abfa280
Event: 11339.040 Thread 0x00000272c7d46660 DEOPT UNPACKING pc=0x00000272a9316763 sp=0x000000f86abf9830 mode 1
Event: 11339.044 Thread 0x00000272c7d46660 DEOPT PACKING pc=0x00000272a99d37b4 sp=0x000000f86abfc180
Event: 11339.044 Thread 0x00000272c7d46660 DEOPT UNPACKING pc=0x00000272a9316763 sp=0x000000f86abfb6b8 mode 1
Event: 11339.044 Thread 0x00000272c7d46660 DEOPT PACKING pc=0x00000272a99d5734 sp=0x000000f86abfc270
Event: 11339.044 Thread 0x00000272c7d46660 DEOPT UNPACKING pc=0x00000272a9316763 sp=0x000000f86abfb828 mode 1
Event: 11375.853 Thread 0x00000272c7d46660 DEOPT PACKING pc=0x00000272a9809ffc sp=0x000000f86abfd640
Event: 11375.853 Thread 0x00000272c7d46660 DEOPT UNPACKING pc=0x00000272a9316763 sp=0x000000f86abfcaf8 mode 0

Classes loaded (20 events):
Event: 11257.259 Loading class java/lang/ObjectCustomizer
Event: 11257.259 Loading class java/lang/ObjectCustomizer done
Event: 11257.305 Loading class java/time/DurationEditor
Event: 11257.305 Loading class java/time/DurationEditor done
Event: 11270.322 Loading class java/lang/ObjectCustomizer
Event: 11270.322 Loading class java/lang/ObjectCustomizer done
Event: 11270.322 Loading class java/lang/ObjectCustomizer
Event: 11270.322 Loading class java/lang/ObjectCustomizer done
Event: 11270.329 Loading class java/lang/ObjectCustomizer
Event: 11270.329 Loading class java/lang/ObjectCustomizer done
Event: 11270.329 Loading class java/lang/ObjectCustomizer
Event: 11270.329 Loading class java/lang/ObjectCustomizer done
Event: 11339.027 Loading class java/lang/ObjectCustomizer
Event: 11339.027 Loading class java/lang/ObjectCustomizer done
Event: 11339.027 Loading class java/lang/ObjectCustomizer
Event: 11339.027 Loading class java/lang/ObjectCustomizer done
Event: 11339.033 Loading class java/lang/ObjectCustomizer
Event: 11339.033 Loading class java/lang/ObjectCustomizer done
Event: 11339.033 Loading class java/lang/ObjectCustomizer
Event: 11339.033 Loading class java/lang/ObjectCustomizer done

Classes unloaded (20 events):
Event: 11270.104 Thread 0x00000272bf2124c0 Unloading class 0x0000000801296b88 'jdk/proxy9/$Proxy107'
Event: 11270.104 Thread 0x00000272bf2124c0 Unloading class 0x0000000801296950 'com/co/ias/constructores/app/application/tipoMaterial/domain/TipoMaterial'
Event: 11270.104 Thread 0x00000272bf2124c0 Unloading class 0x0000000801296618 'jdk/proxy9/$Proxy106'
Event: 11270.104 Thread 0x00000272bf2124c0 Unloading class 0x00000008012963d0 'com/co/ias/constructores/app/ConstructoresSasApplication$$EnhancerBySpringCGLIB$$2eb2ebd9'
Event: 11270.104 Thread 0x00000272bf2124c0 Unloading class 0x00000008012961e8 'com/co/ias/constructores/app/application/tipoMaterial/ports/out/TipoMaterialRepository'
Event: 11270.104 Thread 0x00000272bf2124c0 Unloading class 0x0000000801296000 'com/co/ias/constructores/app/application/solicitudConstruccion/ports/out/SolicitudConstruccionRepository'
Event: 11270.104 Thread 0x00000272bf2124c0 Unloading class 0x0000000800cc9c48 'com/co/ias/constructores/app/infraestructure/controllers/TipoMaterialController'
Event: 11270.104 Thread 0x00000272bf2124c0 Unloading class 0x0000000800cc9a48 'com/co/ias/constructores/app/infraestructure/controllers/SolicitudConstruccionController'
Event: 11270.104 Thread 0x00000272bf2124c0 Unloading class 0x0000000800cc9818 'com/co/ias/constructores/app/application/tipoMaterial/services/CrearTipoMaterialService'
Event: 11270.104 Thread 0x00000272bf2124c0 Unloading class 0x0000000800cc9630 'com/co/ias/constructores/app/application/tipoMaterial/ports/in/CrearTipoMaterialUseCase'
Event: 11270.104 Thread 0x00000272bf2124c0 Unloading class 0x0000000800cc9418 'com/co/ias/constructores/app/application/tipoMaterial/services/ConsultarTipoMaterialService'
Event: 11270.104 Thread 0x00000272bf2124c0 Unloading class 0x0000000800cc9230 'com/co/ias/constructores/app/application/tipoMaterial/ports/in/ConsultarTipoMaterialUseCase'
Event: 11270.104 Thread 0x00000272bf2124c0 Unloading class 0x0000000800cc9000 'com/co/ias/constructores/app/application/tipoMaterial/services/ActualizarTipoMaterialService'
Event: 11270.104 Thread 0x00000272bf2124c0 Unloading class 0x0000000800d18608 'com/co/ias/constructores/app/application/tipoMaterial/ports/in/ActualizarTipoMaterialUseCase'
Event: 11270.104 Thread 0x00000272bf2124c0 Unloading class 0x0000000800d183d0 'com/co/ias/constructores/app/application/solicitudConstruccion/services/RegistrarSolicitudService'
Event: 11270.104 Thread 0x00000272bf2124c0 Unloading class 0x0000000800d181e8 'com/co/ias/constructores/app/application/solicitudConstruccion/ports/in/RegistrarSolicitudConstruccionUseCase'
Event: 11270.104 Thread 0x00000272bf2124c0 Unloading class 0x0000000800d18000 'com/co/ias/constructores/app/commons/UseCase'
Event: 11270.104 Thread 0x00000272bf2124c0 Unloading class 0x00000008012a1c58 'com/co/ias/constructores/app/application/solicitudConstruccion/model/SolicitudConstruccionDBO'
Event: 11270.104 Thread 0x00000272bf2124c0 Unloading class 0x00000008012a1a18 'com/co/ias/constructores/app/application/tipoMaterial/model/TipoMaterialDBO'
Event: 11270.104 Thread 0x00000272bf2124c0 Unloading class 0x00000008012a1800 'com/co/ias/constructores/app/ConstructoresSasApplication'

Classes redefined (17 events):
Event: 10519.288 Thread 0x00000272bf2124c0 redefined class name=com.co.ias.constructores.app.application.solicitudConstruccion.ports.out.SolicitudConstruccionRepository, count=1
Event: 10519.288 Thread 0x00000272bf2124c0 redefined class name=com.co.ias.constructores.app.application.solicitudConstruccion.ports.out.SolicitudConstruccionRepository, count=1
Event: 10519.288 Thread 0x00000272bf2124c0 redefined class name=com.co.ias.constructores.app.application.solicitudConstruccion.ports.out.SolicitudConstruccionRepository, count=1
Event: 10519.288 Thread 0x00000272bf2124c0 redefined class name=com.co.ias.constructores.app.application.solicitudConstruccion.ports.out.SolicitudConstruccionRepository, count=1
Event: 11251.298 Thread 0x00000272bf2124c0 redefined class name=com.co.ias.constructores.app.application.solicitudConstruccion.ports.out.SolicitudConstruccionRepository, count=2
Event: 11251.298 Thread 0x00000272bf2124c0 redefined class name=com.co.ias.constructores.app.application.solicitudConstruccion.ports.out.SolicitudConstruccionRepository, count=2
Event: 11251.298 Thread 0x00000272bf2124c0 redefined class name=com.co.ias.constructores.app.application.solicitudConstruccion.ports.out.SolicitudConstruccionRepository, count=1
Event: 11251.298 Thread 0x00000272bf2124c0 redefined class name=com.co.ias.constructores.app.application.solicitudConstruccion.ports.out.SolicitudConstruccionRepository, count=2
Event: 11265.076 Thread 0x00000272bf2124c0 redefined class name=com.co.ias.constructores.app.application.solicitudConstruccion.ports.out.SolicitudConstruccionRepository, count=3
Event: 11265.076 Thread 0x00000272bf2124c0 redefined class name=com.co.ias.constructores.app.application.solicitudConstruccion.ports.out.SolicitudConstruccionRepository, count=3
Event: 11265.076 Thread 0x00000272bf2124c0 redefined class name=com.co.ias.constructores.app.application.solicitudConstruccion.ports.out.SolicitudConstruccionRepository, count=2
Event: 11265.076 Thread 0x00000272bf2124c0 redefined class name=com.co.ias.constructores.app.application.solicitudConstruccion.ports.out.SolicitudConstruccionRepository, count=1
Event: 11494.887 Thread 0x00000272bf2124c0 redefined class name=com.co.ias.constructores.app.application.solicitudConstruccion.ports.out.SolicitudConstruccionRepository, count=4
Event: 11494.887 Thread 0x00000272bf2124c0 redefined class name=com.co.ias.constructores.app.application.solicitudConstruccion.ports.out.SolicitudConstruccionRepository, count=1
Event: 11494.887 Thread 0x00000272bf2124c0 redefined class name=com.co.ias.constructores.app.application.solicitudConstruccion.ports.out.SolicitudConstruccionRepository, count=1
Event: 11494.887 Thread 0x00000272bf2124c0 redefined class name=com.co.ias.constructores.app.application.solicitudConstruccion.ports.out.SolicitudConstruccionRepository, count=4
Event: 11494.887 Thread 0x00000272bf2124c0 redefined class name=com.co.ias.constructores.app.application.solicitudConstruccion.ports.out.SolicitudConstruccionRepository, count=2

Internal exceptions (20 events):
Event: 11270.322 Thread 0x00000272c83cdbf0 Exception <a 'java/lang/ClassNotFoundException'{0x0000000606c1c0a8}: java/lang/ObjectCustomizer> (0x0000000606c1c0a8) 
thrown [s\open\src\hotspot\share\classfile\systemDictionary.cpp, line 255]
Event: 11270.323 Thread 0x00000272c83cdbf0 Exception <a 'java/lang/ClassNotFoundException'{0x0000000606c26ab0}: com/co/ias/constructores/app/application/tipoMaterial/model/TipoMaterialDBOCustomizer> (0x0000000606c26ab0) 
thrown [s\open\src\hotspot\share\classfile\systemDictionary.cpp, line 255]
Event: 11270.329 Thread 0x00000272c83cdbf0 Exception <a 'java/lang/ClassNotFoundException'{0x0000000606cb68f8}: java/lang/ObjectCustomizer> (0x0000000606cb68f8) 
thrown [s\open\src\hotspot\share\classfile\systemDictionary.cpp, line 255]
Event: 11270.330 Thread 0x00000272c83cdbf0 Exception <a 'java/lang/ClassNotFoundException'{0x0000000606cc0b58}: com/co/ias/constructores/app/application/solicitudConstruccion/model/SolicitudConstruccionDBOCustomizer> (0x0000000606cc0b58) 
thrown [s\open\src\hotspot\share\classfile\systemDictionary.cpp, line 255]
Event: 11272.926 Thread 0x00000272c83cc8b0 StackOverflowError at 0x00000272aa3aecc0
Event: 11272.928 Thread 0x00000272c83cc8b0 Exception <a 'java/lang/StackOverflowError'{0x0000000609b04858}> (0x0000000609b04858) 
thrown [s\open\src\hotspot\share\runtime\sharedRuntime.cpp, line 625]
Event: 11273.137 Thread 0x00000272c83cc8b0 StackOverflowError at 0x00000272aa3aecc0
Event: 11273.139 Thread 0x00000272c83cc8b0 Exception <a 'java/lang/StackOverflowError'{0x0000000615382db8}> (0x0000000615382db8) 
thrown [s\open\src\hotspot\share\runtime\sharedRuntime.cpp, line 625]
Event: 11294.236 Thread 0x00000272c83cc8b0 StackOverflowError at 0x00000272aa3aecc0
Event: 11294.238 Thread 0x00000272c83cc8b0 Exception <a 'java/lang/StackOverflowError'{0x000000061251d300}> (0x000000061251d300) 
thrown [s\open\src\hotspot\share\runtime\sharedRuntime.cpp, line 625]
Event: 11294.431 Thread 0x00000272c83cc8b0 StackOverflowError at 0x00000272aa3aecc0
Event: 11294.432 Thread 0x00000272c83cc8b0 Exception <a 'java/lang/StackOverflowError'{0x0000000614da1a30}> (0x0000000614da1a30) 
thrown [s\open\src\hotspot\share\runtime\sharedRuntime.cpp, line 625]
Event: 11334.698 Thread 0x00000272c83ca230 Exception <a 'java/lang/InterruptedException'{0x0000000614b07068}: sleep interrupted> (0x0000000614b07068) 
thrown [s\open\src\hotspot\share\prims\jvm.cpp, line 3083]
Event: 11338.912 Thread 0x00000272c7d46660 Exception <a 'java/lang/NoClassDefFoundError'{0x000000060a54f150}: javax/servlet/Filter> (0x000000060a54f150) 
thrown [s\open\src\hotspot\share\classfile\systemDictionary.cpp, line 244]
Event: 11338.996 Thread 0x00000272c7d46660 Exception <a 'java/lang/NoClassDefFoundError'{0x0000000609841b60}: org/flywaydb/core/Flyway> (0x0000000609841b60) 
thrown [s\open\src\hotspot\share\oops\constantPool.cpp, line 836]
Event: 11338.997 Thread 0x00000272c7d46660 Exception <a 'java/lang/NoClassDefFoundError'{0x00000006098421b0}: liquibase/integration/spring/SpringLiquibase> (0x00000006098421b0) 
thrown [s\open\src\hotspot\share\oops\constantPool.cpp, line 836]
Event: 11339.027 Thread 0x00000272c7d46660 Exception <a 'java/lang/ClassNotFoundException'{0x00000006094491d8}: java/lang/ObjectCustomizer> (0x00000006094491d8) 
thrown [s\open\src\hotspot\share\classfile\systemDictionary.cpp, line 255]
Event: 11339.028 Thread 0x00000272c7d46660 Exception <a 'java/lang/ClassNotFoundException'{0x0000000609453be8}: com/co/ias/constructores/app/application/tipoMaterial/model/TipoMaterialDBOCustomizer> (0x0000000609453be8) 
thrown [s\open\src\hotspot\share\classfile\systemDictionary.cpp, line 255]
Event: 11339.033 Thread 0x00000272c7d46660 Exception <a 'java/lang/ClassNotFoundException'{0x00000006094e3e40}: java/lang/ObjectCustomizer> (0x00000006094e3e40) 
thrown [s\open\src\hotspot\share\classfile\systemDictionary.cpp, line 255]
Event: 11339.034 Thread 0x00000272c7d46660 Exception <a 'java/lang/ClassNotFoundException'{0x00000006094ee080}: com/co/ias/constructores/app/application/solicitudConstruccion/model/SolicitudConstruccionDBOCustomizer> (0x00000006094ee080) 
thrown [s\open\src\hotspot\share\classfile\systemDictionary.cpp, line 255]

VM Operations (20 events):
Event: 11339.148 Executing VM operation: get/set locals done
Event: 11339.148 Executing VM operation: get/set locals
Event: 11339.148 Executing VM operation: get/set locals done
Event: 11339.149 Executing VM operation: get/set locals
Event: 11339.149 Executing VM operation: get/set locals done
Event: 11339.149 Executing VM operation: get/set locals
Event: 11339.149 Executing VM operation: get/set locals done
Event: 11339.150 Executing VM operation: get/set locals
Event: 11339.150 Executing VM operation: get/set locals done
Event: 11339.150 Executing VM operation: get/set locals
Event: 11339.150 Executing VM operation: get/set locals done
Event: 11339.150 Executing VM operation: get/set locals
Event: 11339.151 Executing VM operation: get/set locals done
Event: 11375.853 Executing VM operation: ChangeSingleStep
Event: 11375.853 Executing VM operation: ChangeSingleStep done
Event: 11375.854 Executing VM operation: ChangeSingleStep
Event: 11375.854 Executing VM operation: ChangeSingleStep done
Event: 11494.881 Executing VM operation: RedefineClasses
Event: 11494.897 Executing VM operation: RedefineClasses done
Event: 11509.041 Executing VM operation: G1CollectForAllocation

Events (20 events):
Event: 11338.827 Thread 0x00000272c7d46b30 Thread exited: 0x00000272c7d46b30
Event: 11338.827 Thread 0x00000272c7d43b10 Thread exited: 0x00000272c7d43b10
Event: 11338.827 Thread 0x00000272c7d45cc0 Thread exited: 0x00000272c7d45cc0
Event: 11338.827 Thread 0x00000272c7d43fe0 Thread exited: 0x00000272c7d43fe0
Event: 11338.827 Thread 0x00000272c7d43640 Thread exited: 0x00000272c7d43640
Event: 11338.828 Thread 0x00000272c7d46660 Thread exited: 0x00000272c7d46660
Event: 11338.852 Thread 0x00000272c7d43640 Thread added: 0x00000272c7d43640
Event: 11338.853 Thread 0x00000272c7d43640 Thread exited: 0x00000272c7d43640
Event: 11338.853 Thread 0x00000272c7d46660 Thread added: 0x00000272c7d46660
Event: 11338.893 Thread 0x00000272c7d46b30 Thread added: 0x00000272c7d46b30
Event: 11338.920 Thread 0x00000272c7d46b30 Thread exited: 0x00000272c7d46b30
Event: 11339.020 Thread 0x00000272c7d43fe0 Thread added: 0x00000272c7d43fe0
Event: 11339.020 Thread 0x00000272c7d46b30 Thread added: 0x00000272c7d46b30
Event: 11339.020 Thread 0x00000272c7d444b0 Thread added: 0x00000272c7d444b0
Event: 11339.021 Thread 0x00000272c7d45cc0 Thread added: 0x00000272c7d45cc0
Event: 11339.021 Thread 0x00000272c7d44980 Thread added: 0x00000272c7d44980
Event: 11339.023 Thread 0x00000272c7d47000 Thread added: 0x00000272c7d47000
Event: 11347.365 Thread 0x00000272c83cabd0 Thread exited: 0x00000272c83cabd0
Event: 11347.365 Thread 0x00000272c83c9d60 Thread exited: 0x00000272c83c9d60
Event: 11347.365 Thread 0x00000272c83c8080 Thread exited: 0x00000272c83c8080


Dynamic libraries:
0x00007ff6aa160000 - 0x00007ff6aa16e000 	C:\Program Files\Java\jdk-18.0.1.1\bin\javaw.exe
0x00007fffcb8f0000 - 0x00007fffcbae7000 	C:\Windows\SYSTEM32\ntdll.dll
0x00007fffca570000 - 0x00007fffca62d000 	C:\Windows\System32\KERNEL32.DLL
0x00007fffc9650000 - 0x00007fffc991d000 	C:\Windows\System32\KERNELBASE.dll
0x00007fffc9500000 - 0x00007fffc9600000 	C:\Windows\System32\ucrtbase.dll
0x00007fffc6f40000 - 0x00007fffc6f57000 	C:\Program Files\Java\jdk-18.0.1.1\bin\jli.dll
0x00007fffcb580000 - 0x00007fffcb720000 	C:\Windows\System32\USER32.dll
0x00007fffc94d0000 - 0x00007fffc94f2000 	C:\Windows\System32\win32u.dll
0x00007fffba1c0000 - 0x00007fffba45a000 	C:\Windows\WinSxS\amd64_microsoft.windows.common-controls_6595b64144ccf1df_6.0.19041.1110_none_60b5254171f9507e\COMCTL32.dll
0x00007fffc3ea0000 - 0x00007fffc3eba000 	C:\Program Files\Java\jdk-18.0.1.1\bin\VCRUNTIME140.dll
0x00007fffca6a0000 - 0x00007fffca6ca000 	C:\Windows\System32\GDI32.dll
0x00007fffca6d0000 - 0x00007fffca76e000 	C:\Windows\System32\msvcrt.dll
0x00007fffc91f0000 - 0x00007fffc92fb000 	C:\Windows\System32\gdi32full.dll
0x00007fffc90a0000 - 0x00007fffc913d000 	C:\Windows\System32\msvcp_win.dll
0x00007fffcb790000 - 0x00007fffcb7c0000 	C:\Windows\System32\IMM32.DLL
0x00007fffc7800000 - 0x00007fffc780c000 	C:\Program Files\Java\jdk-18.0.1.1\bin\vcruntime140_1.dll
0x00007fffc24c0000 - 0x00007fffc254d000 	C:\Program Files\Java\jdk-18.0.1.1\bin\msvcp140.dll
0x00007fff841d0000 - 0x00007fff84de0000 	C:\Program Files\Java\jdk-18.0.1.1\bin\server\jvm.dll
0x00007fffcad80000 - 0x00007fffcae2e000 	C:\Windows\System32\ADVAPI32.dll
0x00007fffc9f20000 - 0x00007fffc9fbc000 	C:\Windows\System32\sechost.dll
0x00007fffca8a0000 - 0x00007fffca9c5000 	C:\Windows\System32\RPCRT4.dll
0x00007fffc9fc0000 - 0x00007fffc9fc8000 	C:\Windows\System32\PSAPI.DLL
0x00007fffbaf60000 - 0x00007fffbaf69000 	C:\Windows\SYSTEM32\WSOCK32.dll
0x00007fffcb840000 - 0x00007fffcb8ab000 	C:\Windows\System32\WS2_32.dll
0x00007fffb24b0000 - 0x00007fffb24ba000 	C:\Windows\SYSTEM32\VERSION.dll
0x00007fffb2810000 - 0x00007fffb2837000 	C:\Windows\SYSTEM32\WINMM.dll
0x00007fffc7860000 - 0x00007fffc7872000 	C:\Windows\SYSTEM32\kernel.appcore.dll
0x00007fffc6f70000 - 0x00007fffc6f7a000 	C:\Program Files\Java\jdk-18.0.1.1\bin\jimage.dll
0x00007fffc6d30000 - 0x00007fffc6f14000 	C:\Windows\SYSTEM32\DBGHELP.DLL
0x00007fffb1dd0000 - 0x00007fffb1dfc000 	C:\Windows\SYSTEM32\dbgcore.DLL
0x00007fffc9010000 - 0x00007fffc9092000 	C:\Windows\System32\bcryptPrimitives.dll
0x00007fffc3e60000 - 0x00007fffc3e9b000 	C:\Program Files\Java\jdk-18.0.1.1\bin\jdwp.dll
0x00007fffc59c0000 - 0x00007fffc59ce000 	C:\Program Files\Java\jdk-18.0.1.1\bin\instrument.dll
0x00007fffc3e30000 - 0x00007fffc3e55000 	C:\Program Files\Java\jdk-18.0.1.1\bin\java.dll
0x00007fffbc560000 - 0x00007fffbc636000 	C:\Program Files\Java\jdk-18.0.1.1\bin\jsvml.dll
0x00007fffcae30000 - 0x00007fffcb574000 	C:\Windows\System32\SHELL32.dll
0x00007fffc7040000 - 0x00007fffc77d4000 	C:\Windows\SYSTEM32\windows.storage.dll
0x00007fffc9bc0000 - 0x00007fffc9f14000 	C:\Windows\System32\combase.dll
0x00007fffc8920000 - 0x00007fffc894c000 	C:\Windows\SYSTEM32\Wldp.dll
0x00007fffc9950000 - 0x00007fffc99fd000 	C:\Windows\System32\SHCORE.dll
0x00007fffca510000 - 0x00007fffca565000 	C:\Windows\System32\shlwapi.dll
0x00007fffc8f50000 - 0x00007fffc8f6f000 	C:\Windows\SYSTEM32\profapi.dll
0x00007fffc3e00000 - 0x00007fffc3e0c000 	C:\Program Files\Java\jdk-18.0.1.1\bin\dt_socket.dll
0x00007fffc83b0000 - 0x00007fffc83eb000 	C:\Windows\SYSTEM32\IPHLPAPI.DLL
0x00007fffc86a0000 - 0x00007fffc870a000 	C:\Windows\system32\mswsock.dll
0x00007fffc83f0000 - 0x00007fffc84bb000 	C:\Windows\SYSTEM32\DNSAPI.dll
0x00007fffcb720000 - 0x00007fffcb728000 	C:\Windows\System32\NSI.dll
0x00007fffc2810000 - 0x00007fffc281a000 	C:\Windows\System32\rasadhlp.dll
0x00007fffbfae0000 - 0x00007fffbfb60000 	C:\Windows\System32\fwpuclnt.dll
0x00007fffc9920000 - 0x00007fffc9947000 	C:\Windows\System32\bcrypt.dll
0x00007fffc24a0000 - 0x00007fffc24b8000 	C:\Program Files\Java\jdk-18.0.1.1\bin\zip.dll
0x00007fffc2480000 - 0x00007fffc2493000 	C:\Program Files\Java\jdk-18.0.1.1\bin\net.dll
0x00007fffc4170000 - 0x00007fffc427a000 	C:\Windows\SYSTEM32\WINHTTP.dll
0x00007fffc2460000 - 0x00007fffc2476000 	C:\Program Files\Java\jdk-18.0.1.1\bin\nio.dll
0x00007fffc3dd0000 - 0x00007fffc3dd9000 	C:\Program Files\Java\jdk-18.0.1.1\bin\management.dll
0x00007fffc2450000 - 0x00007fffc245b000 	C:\Program Files\Java\jdk-18.0.1.1\bin\management_ext.dll
0x00007fffae5e0000 - 0x00007fffae5f7000 	C:\Windows\system32\napinsp.dll
0x00007fffae5c0000 - 0x00007fffae5db000 	C:\Windows\system32\pnrpnsp.dll
0x00007fffae5a0000 - 0x00007fffae5b5000 	C:\Windows\system32\wshbth.dll
0x00007fffc44f0000 - 0x00007fffc450d000 	C:\Windows\system32\NLAapi.dll
0x00007fffae570000 - 0x00007fffae582000 	C:\Windows\System32\winrnr.dll
0x00007fffc8960000 - 0x00007fffc8978000 	C:\Windows\SYSTEM32\CRYPTSP.dll
0x00007fffc8040000 - 0x00007fffc8074000 	C:\Windows\system32\rsaenh.dll
0x00007fffc8ed0000 - 0x00007fffc8efe000 	C:\Windows\SYSTEM32\USERENV.dll
0x00007fffc8830000 - 0x00007fffc883c000 	C:\Windows\SYSTEM32\CRYPTBASE.dll
0x00007fffc0840000 - 0x00007fffc0857000 	C:\Windows\SYSTEM32\dhcpcsvc6.DLL
0x00007fffc25b0000 - 0x00007fffc25cd000 	C:\Windows\SYSTEM32\dhcpcsvc.DLL
0x00007fffc09c0000 - 0x00007fffc09d0000 	C:\Program Files\Java\jdk-18.0.1.1\bin\verify.dll

dbghelp: loaded successfully - version: 4.0.5 - missing functions: none
symbol engine: initialized successfully - sym options: 0x614 - pdb path: .;C:\Program Files\Java\jdk-18.0.1.1\bin;C:\Windows\SYSTEM32;C:\Windows\WinSxS\amd64_microsoft.windows.common-controls_6595b64144ccf1df_6.0.19041.1110_none_60b5254171f9507e;C:\Program Files\Java\jdk-18.0.1.1\bin\server

VM Arguments:
jvm_args: -XX:+ShowCodeDetailsInExceptionMessages -agentlib:jdwp=transport=dt_socket,suspend=y,address=localhost:51398 -Dcom.sun.management.jmxremote -Dcom.sun.management.jmxremote.port=51397 -Dcom.sun.management.jmxremote.authenticate=false -Dcom.sun.management.jmxremote.ssl=false -Djava.rmi.server.hostname=localhost -Dspring.jmx.enabled=true -Dspring.application.admin.enabled=true -XX:TieredStopAtLevel=1 -Dspring.boot.project.name=constructores-sas -javaagent:C:\Users\Admin\Documents\spring-tool-suite-4-4.15.1.RELEASE-e4.24.0-win32.win32.x86_64.self-extracting\sts-4.15.1.RELEASE\configuration\org.eclipse.osgi\258\0\.cp\lib\javaagent-shaded.jar -Dfile.encoding=UTF-8 
java_command: com.co.ias.constructores.app.ConstructoresSasApplication --spring.output.ansi.enabled=always
java_class_path (initial): C:\Users\Admin\Documents\JavaProjects\constructores-sas\target\classes;C:\Users\Admin\.m2\repository\org\springframework\boot\spring-boot-starter-data-mongodb-reactive\2.7.1\spring-boot-starter-data-mongodb-reactive-2.7.1.jar;C:\Users\Admin\.m2\repository\org\springframework\boot\spring-boot-starter\2.7.1\spring-boot-starter-2.7.1.jar;C:\Users\Admin\.m2\repository\org\springframework\boot\spring-boot-starter-logging\2.7.1\spring-boot-starter-logging-2.7.1.jar;C:\Users\Admin\.m2\repository\ch\qos\logback\logback-classic\1.2.11\logback-classic-1.2.11.jar;C:\Users\Admin\.m2\repository\ch\qos\logback\logback-core\1.2.11\logback-core-1.2.11.jar;C:\Users\Admin\.m2\repository\org\apache\logging\log4j\log4j-to-slf4j\2.17.2\log4j-to-slf4j-2.17.2.jar;C:\Users\Admin\.m2\repository\org\apache\logging\log4j\log4j-api\2.17.2\log4j-api-2.17.2.jar;C:\Users\Admin\.m2\repository\org\slf4j\jul-to-slf4j\1.7.36\jul-to-slf4j-1.7.36.jar;C:\Users\Admin\.m2\repository\jakarta\annotation\jakarta.annotation-api\1.3.5\jakarta.annotation-api-1.3.5.jar;C:\Users\Admin\.m2\repository\org\yaml\snakeyaml\1.30\snakeyaml-1.30.jar;C:\Users\Admin\.m2\repository\io\projectreactor\reactor-core\3.4.19\reactor-core-3.4.19.jar;C:\Users\Admin\.m2\repository\org\reactivestreams\reactive-streams\1.0.4\reactive-streams-1.0.4.jar;C:\Users\Admin\.m2\repository\org\mongodb\mongodb-driver-reactivestreams\4.6.1\mongodb-driver-reactivestreams-4.6.1.jar;C:\Users\Admin\.m2\repository\org\mongodb\bson\4.6.1\bson-4.6.1.jar;C:\Users\Admin\.m2\repository\org\mongodb\mongodb-driver-core\4.6.1\mongodb-driver-core-4.6.1.jar;C:\Users\Admin\.m2\repository\org\mongodb\bson-record-codec\4.6.1\bson-record-codec-4.6.1.jar;C:\Users\Admin\.m2\repository\org\springframework\data\spring-data-mongodb\3.4.1\spring-data-mongodb-3.4.1.jar;C:\Users\Admin\.m2\repository\org\springframework\spring-tx\5.3.21\spring-tx-5.3.21.jar;C:\Users\Admin\.m2\repository\org\springframework\spring-context\5.3.21\spring-context-5.3.21.jar;C:\Users\Admin\.m2\repository\org\springframework\spring-aop\5.3.21\spring-aop-5.3.21.jar;C:\Users\Admin\.m2\repository\org\springframework\spring-beans\5.3.21\spring-beans-5.3.21.jar;C:\Users\Admin\.m2\repository\org\springframework\spring-expression\5.3.21\spring-expression-5.3.21.jar;C:\Users\Admin\.m2\repository\org\springframework\data\spring-data-commons\2.7.1\spring-data-commons-2.7.1.jar;C:\Users\Admin\.m2\repository\org\slf4j\slf4j-api\1.7.36\slf4j-api-1.7.36.jar;C:\Users\Admin\.m2\repository\org\springframework\boot\spring-boot-starter-webflux\2.7.1\spring-boot-starter-webflux-2.7.1.jar;C:\Users\Admin\.m2\repository\org\springframework\boot\spring-boot-starter-json\2.7.1\spring-boot-starter-json-2.7.1.jar;C:\Users\Admin\.m2\repository\com\fasterxml\jackson\core\jackson-databind\2.13.3\jackson-databind-2.13.3.jar;C:\Users\Admin\.m2\repository\com\fasterxml\jackson\core\jackson-annotations\2.13.3\jackson-annotations-2.13.3.jar;C:\Users\Admin\.m2\repository\com\fasterxml\jackson\core\jackson-core\2.13.3\jackson-core-2.13.3.jar;C:\Users\Admin\.m2\repository\com\fasterxml\jackson\datatype\jackson-datatype-jdk8\2.13.3\jackson-datatype-jdk8-2.13.3.jar;C:\Users\Admin\.m2\repository\com\fasterxml\jackson\datatype\jackson-datatype-jsr310\2.13.3\jackson-datatype-jsr310-2.13.3.jar;C:\Users\Admin\.m2\repository\com\fasterxml\jackson\module\jackson-module-parameter-names\2.13.3\jackson-module-parameter-names-2.13.3.jar;C:\Users\Admin\.m2\repository\org\springframework\boot\spring-boot-starter-reactor-netty\2.7.1\spring-boot-starter-reactor-netty-2.7.1.jar;C:\Users\Admin\.m2\repository\io\projectreactor\netty\reactor-netty-http\1.0.20\reactor-netty-http-1.0.20.jar;C:\Users\Admin\.m2\repository\io\netty\netty-codec-http\4.1.78.Final\netty-codec-http-4.1.78.Final.jar;C:\Users\Admin\.m2\repository\io\netty\netty-common\4.1.78.Final\netty-common-4.1.78.Final.jar;C:\Users\Admin\.m2\repository\io\netty\netty-buffer\4.1.78.Final\netty-buffer-4.1.78.Final.jar;C:\Users\Admin\.m2\repository\io\netty\netty-transport\4.1.78.Final\netty-transport-4.1.78.Final.jar;C:\Users\Admin\.m2\repository\io\netty\netty-codec\4.1.78.Final\netty-codec-4.1.78.Final.jar;C:\Users\Admin\.m2\repository\io\netty\netty-handler\4.1.78.Final\netty-handler-4.1.78.Final.jar;C:\Users\Admin\.m2\repository\io\netty\netty-codec-http2\4.1.78.Final\netty-codec-http2-4.1.78.Final.jar;C:\Users\Admin\.m2\repository\io\netty\netty-resolver-dns\4.1.78.Final\netty-resolver-dns-4.1.78.Final.jar;C:\Users\Admin\.m2\repository\io\netty\netty-resolver\4.1.78.Final\netty-resolver-4.1.78.Final.jar;C:\Users\Admin\.m2\repository\io\netty\netty-codec-dns\4.1.78.Final\netty-codec-dns-4.1.78.Final.jar;C:\Users\Admin\.m2\repository\io\netty\netty-resolver-dns-native-macos\4.1.78.Final\netty-resolver-dns-native-macos-4.1.78.Final-osx-x86_64.jar;C:\Users\Admin\.m2\repository\io\netty\netty-resolver-dns-classes-macos\4.1.78.Final\netty-resolver-dns-classes-macos-4.1.78.Final.jar;C:\Users\Admin\.m2\repository\io\netty\netty-transport-native-epoll\4.1.78.Final\netty-transport-native-epoll-4.1.78.Final-linux-x86_64.jar;C:\Users\Admin\.m2\repository\io\netty\netty-transport-native-unix-common\4.1.78.Final\netty-transport-native-unix-common-4.1.78.Final.jar;C:\Users\Admin\.m2\repository\io\netty\netty-transport-classes-epoll\4.1.78.Final\netty-transport-classes-epoll-4.1.78.Final.jar;C:\Users\Admin\.m2\repository\io\projectreactor\netty\reactor-netty-core\1.0.20\reactor-netty-core-1.0.20.jar;C:\Users\Admin\.m2\repository\io\netty\netty-handler-proxy\4.1.78.Final\netty-handler-proxy-4.1.78.Final.jar;C:\Users\Admin\.m2\repository\io\netty\netty-codec-socks\4.1.78.Final\netty-codec-socks-4.1.78.Final.jar;C:\Users\Admin\.m2\repository\org\springframework\spring-web\5.3.21\spring-web-5.3.21.jar;C:\Users\Admin\.m2\repository\org\springframework\spring-webflux\5.3.21\spring-webflux-5.3.21.jar;C:\Users\Admin\.m2\repository\org\springframework\boot\spring-boot-devtools\2.7.1\spring-boot-devtools-2.7.1.jar;C:\Users\Admin\.m2\repository\org\springframework\boot\spring-boot\2.7.1\spring-boot-2.7.1.jar;C:\Users\Admin\.m2\repository\org\springframework\boot\spring-boot-autoconfigure\2.7.1\spring-boot-autoconfigure-2.7.1.jar;C:\Users\Admin\.m2\repository\org\springframework\spring-core\5.3.21\spring-core-5.3.21.jar;C:\Users\Admin\.m2\repository\org\springframework\spring-jcl\5.3.21\spring-jcl-5.3.21.jar;C:\Users\Admin\.m2\repository\org\apache\commons\commons-lang3\3.12.0\commons-lang3-3.12.0.jar;C:\Users\Admin\.m2\repository\org\springframework\boot\spring-boot-starter-validation\2.7.1\spring-boot-starter-validation-2.7.1.jar;C:\Users\Admin\.m2\repository\org\apache\tomcat\embed\tomcat-embed-el\9.0.64\tomcat-embed-el-9.0.64.jar;C:\Users\Admin\.m2\repository\org\hibernate\validator\hibernate-validator\6.2.3.Final\hibernate-validator-6.2.3.Final.jar;C:\Users\Admin\.m2\repository\jakarta\validation\jakarta.validation-api\2.0.2\jakarta.validation-api-2.0.2.jar;C:\Users\Admin\.m2\repository\org\jboss\logging\jboss-logging\3.4.3.Final\jboss-logging-3.4.3.Final.jar;C:\Users\Admin\.m2\repository\com\fasterxml\classmate\1.5.1\classmate-1.5.1.jar
Launcher Type: SUN_STANDARD

[Global flags]
     intx CICompilerCount                          = 4                                         {product} {ergonomic}
     uint ConcGCThreads                            = 2                                         {product} {ergonomic}
     uint G1ConcRefinementThreads                  = 8                                         {product} {ergonomic}
   size_t G1HeapRegionSize                         = 4194304                                   {product} {ergonomic}
    uintx GCDrainStackTargetSize                   = 64                                        {product} {ergonomic}
   size_t InitialHeapSize                          = 532676608                                 {product} {ergonomic}
     bool ManagementServer                         = true                                      {product} {command line}
   size_t MarkStackSize                            = 4194304                                   {product} {ergonomic}
   size_t MaxHeapSize                              = 8522825728                                {product} {ergonomic}
   size_t MaxNewSize                               = 5112856576                                {product} {ergonomic}
   size_t MinHeapDeltaBytes                        = 4194304                                   {product} {ergonomic}
   size_t MinHeapSize                              = 8388608                                   {product} {ergonomic}
    uintx NonProfiledCodeHeapSize                  = 0                                      {pd product} {ergonomic}
     bool ProfileInterpreter                       = false                                  {pd product} {command line}
    uintx ProfiledCodeHeapSize                     = 0                                      {pd product} {ergonomic}
     bool ShowCodeDetailsInExceptionMessages       = true                                   {manageable} {command line}
   size_t SoftMaxHeapSize                          = 8522825728                             {manageable} {ergonomic}
     intx TieredStopAtLevel                        = 1                                         {product} {command line}
     bool UseCompressedClassPointers               = true                           {product lp64_product} {ergonomic}
     bool UseCompressedOops                        = true                           {product lp64_product} {ergonomic}
     bool UseG1GC                                  = true                                      {product} {ergonomic}
     bool UseLargePagesIndividualAllocation        = false                                  {pd product} {ergonomic}

Logging:
Log output configuration:
 #0: stdout all=warning uptime,level,tags foldmultilines=false
 #1: stderr all=off uptime,level,tags foldmultilines=false

Environment Variables:
JAVA_HOME=C:\Program Files\Java\jdk-18.0.1.1
PATH=C:/Users/Admin/Documents/spring-tool-suite-4-4.15.1.RELEASE-e4.24.0-win32.win32.x86_64.self-extracting/sts-4.15.1.RELEASE//plugins/org.eclipse.justj.openjdk.hotspot.jre.full.win32.x86_64_17.0.3.v20220515-1416/jre/bin/server;C:/Users/Admin/Documents/spring-tool-suite-4-4.15.1.RELEASE-e4.24.0-win32.win32.x86_64.self-extracting/sts-4.15.1.RELEASE//plugins/org.eclipse.justj.openjdk.hotspot.jre.full.win32.x86_64_17.0.3.v20220515-1416/jre/bin;C:\Program Files (x86)\Common Files\Oracle\Java\javapath;C:\Windows\system32;C:\Windows;C:\Windows\System32\Wbem;C:\Windows\System32\WindowsPowerShell\v1.0\;C:\Windows\System32\OpenSSH\;C:\Program Files\Java\jdk-18.0.1.1\bin;C:\Program Files\dotnet\;C:\Program Files\Docker\Docker\resources\bin;C:\ProgramData\DockerDesktop\version-bin;C:\Program Files\Git\cmd;C:\Program Files\nodejs\;C:\gradle-7.4.2\bin;C:\Users\Admin\AppData\Local\Android\Sdk\build-tools;C:\Users\Admin\AppData\Local\Android\Sdk\platform-tools;C:\Users\Admin\AppData\Local\Android\Sdk\tools;C:\Program Files\MongoDB\Server\5.0\bin;C:\Users\Admin\AppData\Local\Microsoft\WindowsApps;;C:\Users\Admin\AppData\Local\Programs\Microsoft VS Code\bin;C:\Users\Admin\AppData\Roaming\npm;C:\Users\Admin\Documents\spring-tool-suite-4-4.15.1.RELEASE-e4.24.0-win32.win32.x86_64.self-extracting\sts-4.15.1.RELEASE;
USERNAME=Admin
OS=Windows_NT
PROCESSOR_IDENTIFIER=Intel64 Family 6 Model 140 Stepping 1, GenuineIntel



---------------  S Y S T E M  ---------------

OS:
 Windows 10 , 64 bit Build 19041 (10.0.19041.1741)
OS uptime: 6 days 3:48 hours
Hyper-V role detected

CPU: total 8 (initial active 8) (4 cores per cpu, 2 threads per core) family 6 model 140 stepping 1 microcode 0xa4, cx8, cmov, fxsr, ht, mmx, 3dnowpref, sse, sse2, sse3, ssse3, sse4.1, sse4.2, popcnt, lzcnt, tsc, tscinvbit, avx, avx2, aes, erms, clmul, bmi1, bmi2, adx, avx512f, avx512dq, avx512cd, avx512bw, avx512vl, sha, fma, vzeroupper, avx512_vpopcntdq, avx512_vpclmulqdq, avx512_vaes, avx512_vnni, clflush, clflushopt, clwb, avx512_vbmi2, avx512_vbmi, hv

Memory: 4k page, system-wide physical 32510M (20838M free)
TotalPageFile size 37374M (AvailPageFile size 24837M)
current process WorkingSet (physical memory assigned to process): 291M, peak: 380M
current process commit charge ("private bytes"): 341M, peak: 646M

vm_info: OpenJDK 64-Bit Server VM (18.0.1.1+2-6) for windows-amd64 JRE (18.0.1.1+2-6), built on Apr 25 2022 21:50:56 by "mach5one" with MS VC++ 16.8 / 16.9 (VS2019)

END.
